Watching for file changes with StatReloader
[06/Apr/2026 19:32:02] "GET /api/vote/companies/search/?q=%E8%85%BE%E8%AE%AF HTTP/1.1" 200 71
[06/Apr/2026 19:32:56] "GET /api/vote/companies/search/?q=Tencent HTTP/1.1" 200 73
D:\Develop\뒈헷닷췽솰뀁빳燎젬촉\backend\apps\voting\views.py changed, reloading.
Performing system checks...

System check identified no issues (0 silenced).
April 06, 2026 - 19:31:53
Django version 6.0.3, using settings 'config.settings'
Starting development server at http://0.0.0.0:8000/
Quit the server with CTRL-BREAK.

WARNING: This is a development server. Do not use it in a production setting. Use a production WSGI or ASGI server instead.
For more information on production servers see: https://docs.djangoproject.com/en/6.0/howto/deployment/
Watching for file changes with StatReloader
D:\Develop\뒈헷닷췽솰뀁빳燎젬촉\backend\apps\voting\views.py changed, reloading.
Performing system checks...

System check identified no issues (0 silenced).
April 06, 2026 - 19:34:29
Django version 6.0.3, using settings 'config.settings'
Starting development server at http://0.0.0.0:8000/
Quit the server with CTRL-BREAK.

WARNING: This is a development server. Do not use it in a production setting. Use a production WSGI or ASGI server instead.
For more information on production servers see: https://docs.djangoproject.com/en/6.0/howto/deployment/
Watching for file changes with StatReloader
D:\Develop\뒈헷닷췽솰뀁빳燎젬촉\backend\apps\voting\views.py changed, reloading.
Performing system checks...

System check identified no issues (0 silenced).
April 06, 2026 - 19:36:28
Django version 6.0.3, using settings 'config.settings'
Starting development server at http://0.0.0.0:8000/
Quit the server with CTRL-BREAK.

WARNING: This is a development server. Do not use it in a production setting. Use a production WSGI or ASGI server instead.
For more information on production servers see: https://docs.djangoproject.com/en/6.0/howto/deployment/
Watching for file changes with StatReloader
D:\Develop\뒈헷닷췽솰뀁빳燎젬촉\backend\apps\voting\views.py changed, reloading.
Performing system checks...

System check identified no issues (0 silenced).
April 06, 2026 - 19:43:52
Django version 6.0.3, using settings 'config.settings'
Starting development server at http://0.0.0.0:8000/
Quit the server with CTRL-BREAK.

WARNING: This is a development server. Do not use it in a production setting. Use a production WSGI or ASGI server instead.
For more information on production servers see: https://docs.djangoproject.com/en/6.0/howto/deployment/
Watching for file changes with StatReloader
Exception in thread django-main-thread:
Traceback (most recent call last):
  File "C:\Python314\Lib\threading.py", line 1082, in _bootstrap_inner
    self._context.run(self.run)
    ~~~~~~~~~~~~~~~~~^^^^^^^^^^
  File "C:\Python314\Lib\threading.py", line 1024, in run
    self._target(*self._args, **self._kwargs)
    ~~~~~~~~~~~~^^^^^^^^^^^^^^^^^^^^^^^^^^^^^
  File "C:\Users\OliveryLY\AppData\Roaming\Python\Python314\site-packages\django\utils\autoreload.py", line 64, in wrapper
    fn(*args, **kwargs)
    ~~^^^^^^^^^^^^^^^^^
  File "C:\Users\OliveryLY\AppData\Roaming\Python\Python314\site-packages\django\core\management\commands\runserver.py", line 134, in inner_run
    self.check(**check_kwargs)
    ~~~~~~~~~~^^^^^^^^^^^^^^^^
  File "C:\Users\OliveryLY\AppData\Roaming\Python\Python314\site-packages\django\core\management\base.py", line 496, in check
    all_issues = checks.run_checks(
        app_configs=app_configs,
    ...<2 lines>...
        databases=databases,
    )
  File "C:\Users\OliveryLY\AppData\Roaming\Python\Python314\site-packages\django\core\checks\registry.py", line 89, in run_checks
    new_errors = check(app_configs=app_configs, databases=databases)
  File "C:\Users\OliveryLY\AppData\Roaming\Python\Python314\site-packages\django\core\checks\urls.py", line 16, in check_url_config
    return check_resolver(resolver)
  File "C:\Users\OliveryLY\AppData\Roaming\Python\Python314\site-packages\django\core\checks\urls.py", line 26, in check_resolver
    return check_method()
  File "C:\Users\OliveryLY\AppData\Roaming\Python\Python314\site-packages\django\urls\resolvers.py", line 541, in check
    for pattern in self.url_patterns:
                   ^^^^^^^^^^^^^^^^^
  File "C:\Users\OliveryLY\AppData\Roaming\Python\Python314\site-packages\django\utils\functional.py", line 47, in __get__
    res = instance.__dict__[self.name] = self.func(instance)
                                         ~~~~~~~~~^^^^^^^^^^
  File "C:\Users\OliveryLY\AppData\Roaming\Python\Python314\site-packages\django\urls\resolvers.py", line 729, in url_patterns
    patterns = getattr(self.urlconf_module, "urlpatterns", self.urlconf_module)
                       ^^^^^^^^^^^^^^^^^^^
  File "C:\Users\OliveryLY\AppData\Roaming\Python\Python314\site-packages\django\utils\functional.py", line 47, in __get__
    res = instance.__dict__[self.name] = self.func(instance)
                                         ~~~~~~~~~^^^^^^^^^^
  File "C:\Users\OliveryLY\AppData\Roaming\Python\Python314\site-packages\django\urls\resolvers.py", line 722, in urlconf_module
    return import_module(self.urlconf_name)
  File "C:\Python314\Lib\importlib\__init__.py", line 88, in import_module
    return _bootstrap._gcd_import(name[level:], package, level)
           ~~~~~~~~~~~~~~~~~~~~~~^^^^^^^^^^^^^^^^^^^^^^^^^^^^^^
  File "<frozen importlib._bootstrap>", line 1398, in _gcd_import
  File "<frozen importlib._bootstrap>", line 1371, in _find_and_load
  File "<frozen importlib._bootstrap>", line 1342, in _find_and_load_unlocked
  File "<frozen importlib._bootstrap>", line 938, in _load_unlocked
  File "<frozen importlib._bootstrap_external>", line 759, in exec_module
  File "<frozen importlib._bootstrap>", line 491, in _call_with_frames_removed
  File "D:\Develop\뒈헷닷췽솰뀁빳燎젬촉\backend\config\urls.py", line 12, in <module>
    path('api/vote/', include('apps.voting.urls')),
                      ~~~~~~~^^^^^^^^^^^^^^^^^^^^
  File "C:\Users\OliveryLY\AppData\Roaming\Python\Python314\site-packages\django\urls\conf.py", line 39, in include
    urlconf_module = import_module(urlconf_module)
  File "C:\Python314\Lib\importlib\__init__.py", line 88, in import_module
    return _bootstrap._gcd_import(name[level:], package, level)
           ~~~~~~~~~~~~~~~~~~~~~~^^^^^^^^^^^^^^^^^^^^^^^^^^^^^^
  File "<frozen importlib._bootstrap>", line 1398, in _gcd_import
  File "<frozen importlib._bootstrap>", line 1371, in _find_and_load
  File "<frozen importlib._bootstrap>", line 1342, in _find_and_load_unlocked
  File "<frozen importlib._bootstrap>", line 938, in _load_unlocked
  File "<frozen importlib._bootstrap_external>", line 759, in exec_module
  File "<frozen importlib._bootstrap>", line 491, in _call_with_frames_removed
  File "D:\Develop\뒈헷닷췽솰뀁빳燎젬촉\backend\apps\voting\urls.py", line 2, in <module>
    from .views import SubmitVoteView, ListRankingView, CompanySearchView, EvidenceUploadView
ImportError: cannot import name 'SubmitVoteView' from 'apps.voting.views' (D:\Develop\뒈헷닷췽솰뀁빳燎젬촉\backend\apps\voting\views.py)
D:\Develop\뒈헷닷췽솰뀁빳燎젬촉\backend\apps\voting\views.py changed, reloading.
Performing system checks...

Watching for file changes with StatReloader
D:\Develop\뒈헷닷췽솰뀁빳燎젬촉\backend\config\settings.py changed, reloading.
Performing system checks...

System check identified no issues (0 silenced).
April 06, 2026 - 19:59:20
Django version 6.0.3, using settings 'config.settings'
Starting development server at http://0.0.0.0:8000/
Quit the server with CTRL-BREAK.

WARNING: This is a development server. Do not use it in a production setting. Use a production WSGI or ASGI server instead.
For more information on production servers see: https://docs.djangoproject.com/en/6.0/howto/deployment/
Watching for file changes with StatReloader
D:\Develop\뒈헷닷췽솰뀁빳燎젬촉\backend\apps\voting\views.py changed, reloading.
Performing system checks...

System check identified no issues (0 silenced).
April 06, 2026 - 20:00:32
Django version 6.0.3, using settings 'config.settings'
Starting development server at http://0.0.0.0:8000/
Quit the server with CTRL-BREAK.

WARNING: This is a development server. Do not use it in a production setting. Use a production WSGI or ASGI server instead.
For more information on production servers see: https://docs.djangoproject.com/en/6.0/howto/deployment/
Watching for file changes with StatReloader
Exception in thread django-main-thread:
Traceback (most recent call last):
  File "C:\Python314\Lib\threading.py", line 1082, in _bootstrap_inner
    self._context.run(self.run)
    ~~~~~~~~~~~~~~~~~^^^^^^^^^^
  File "C:\Python314\Lib\threading.py", line 1024, in run
    self._target(*self._args, **self._kwargs)
    ~~~~~~~~~~~~^^^^^^^^^^^^^^^^^^^^^^^^^^^^^
  File "C:\Users\OliveryLY\AppData\Roaming\Python\Python314\site-packages\django\utils\autoreload.py", line 64, in wrapper
    fn(*args, **kwargs)
    ~~^^^^^^^^^^^^^^^^^
  File "C:\Users\OliveryLY\AppData\Roaming\Python\Python314\site-packages\django\core\management\commands\runserver.py", line 134, in inner_run
    self.check(**check_kwargs)
    ~~~~~~~~~~^^^^^^^^^^^^^^^^
  File "C:\Users\OliveryLY\AppData\Roaming\Python\Python314\site-packages\django\core\management\base.py", line 496, in check
    all_issues = checks.run_checks(
        app_configs=app_configs,
    ...<2 lines>...
        databases=databases,
    )
  File "C:\Users\OliveryLY\AppData\Roaming\Python\Python314\site-packages\django\core\checks\registry.py", line 89, in run_checks
    new_errors = check(app_configs=app_configs, databases=databases)
  File "C:\Users\OliveryLY\AppData\Roaming\Python\Python314\site-packages\django\core\checks\urls.py", line 16, in check_url_config
    return check_resolver(resolver)
  File "C:\Users\OliveryLY\AppData\Roaming\Python\Python314\site-packages\django\core\checks\urls.py", line 26, in check_resolver
    return check_method()
  File "C:\Users\OliveryLY\AppData\Roaming\Python\Python314\site-packages\django\urls\resolvers.py", line 541, in check
    for pattern in self.url_patterns:
                   ^^^^^^^^^^^^^^^^^
  File "C:\Users\OliveryLY\AppData\Roaming\Python\Python314\site-packages\django\utils\functional.py", line 47, in __get__
    res = instance.__dict__[self.name] = self.func(instance)
                                         ~~~~~~~~~^^^^^^^^^^
  File "C:\Users\OliveryLY\AppData\Roaming\Python\Python314\site-packages\django\urls\resolvers.py", line 729, in url_patterns
    patterns = getattr(self.urlconf_module, "urlpatterns", self.urlconf_module)
                       ^^^^^^^^^^^^^^^^^^^
  File "C:\Users\OliveryLY\AppData\Roaming\Python\Python314\site-packages\django\utils\functional.py", line 47, in __get__
    res = instance.__dict__[self.name] = self.func(instance)
                                         ~~~~~~~~~^^^^^^^^^^
  File "C:\Users\OliveryLY\AppData\Roaming\Python\Python314\site-packages\django\urls\resolvers.py", line 722, in urlconf_module
    return import_module(self.urlconf_name)
  File "C:\Python314\Lib\importlib\__init__.py", line 88, in import_module
    return _bootstrap._gcd_import(name[level:], package, level)
           ~~~~~~~~~~~~~~~~~~~~~~^^^^^^^^^^^^^^^^^^^^^^^^^^^^^^
  File "<frozen importlib._bootstrap>", line 1398, in _gcd_import
  File "<frozen importlib._bootstrap>", line 1371, in _find_and_load
  File "<frozen importlib._bootstrap>", line 1342, in _find_and_load_unlocked
  File "<frozen importlib._bootstrap>", line 938, in _load_unlocked
  File "<frozen importlib._bootstrap_external>", line 759, in exec_module
  File "<frozen importlib._bootstrap>", line 491, in _call_with_frames_removed
  File "D:\Develop\뒈헷닷췽솰뀁빳燎젬촉\backend\config\urls.py", line 12, in <module>
    path('api/vote/', include('apps.voting.urls')),
                      ~~~~~~~^^^^^^^^^^^^^^^^^^^^
  File "C:\Users\OliveryLY\AppData\Roaming\Python\Python314\site-packages\django\urls\conf.py", line 39, in include
    urlconf_module = import_module(urlconf_module)
  File "C:\Python314\Lib\importlib\__init__.py", line 88, in import_module
    return _bootstrap._gcd_import(name[level:], package, level)
           ~~~~~~~~~~~~~~~~~~~~~~^^^^^^^^^^^^^^^^^^^^^^^^^^^^^^
  File "<frozen importlib._bootstrap>", line 1398, in _gcd_import
  File "<frozen importlib._bootstrap>", line 1371, in _find_and_load
  File "<frozen importlib._bootstrap>", line 1342, in _find_and_load_unlocked
  File "<frozen importlib._bootstrap>", line 938, in _load_unlocked
  File "<frozen importlib._bootstrap_external>", line 759, in exec_module
  File "<frozen importlib._bootstrap>", line 491, in _call_with_frames_removed
  File "D:\Develop\뒈헷닷췽솰뀁빳燎젬촉\backend\apps\voting\urls.py", line 2, in <module>
    from .views import SubmitVoteView, ListRankingView, CompanySearchView, EvidenceUploadView
  File "D:\Develop\뒈헷닷췽솰뀁빳燎젬촉\backend\apps\voting\views.py", line 134, in <module>
    class SubmitVoteView(APIView):
    ...<109 lines>...
                        )
  File "D:\Develop\뒈헷닷췽솰뀁빳燎젬촉\backend\apps\voting\views.py", line 137, in SubmitVoteView
    authentication_classes = [TokenAuthentication]
                              ^^^^^^^^^^^^^^^^^^^
NameError: name 'TokenAuthentication' is not defined
D:\Develop\뒈헷닷췽솰뀁빳燎젬촉\backend\config\settings.py changed, reloading.
Performing system checks...

Watching for file changes with StatReloader
Exception in thread django-main-thread:
Traceback (most recent call last):
  File "C:\Python314\Lib\threading.py", line 1082, in _bootstrap_inner
    self._context.run(self.run)
    ~~~~~~~~~~~~~~~~~^^^^^^^^^^
  File "C:\Python314\Lib\threading.py", line 1024, in run
    self._target(*self._args, **self._kwargs)
    ~~~~~~~~~~~~^^^^^^^^^^^^^^^^^^^^^^^^^^^^^
  File "C:\Users\OliveryLY\AppData\Roaming\Python\Python314\site-packages\django\utils\autoreload.py", line 64, in wrapper
    fn(*args, **kwargs)
    ~~^^^^^^^^^^^^^^^^^
  File "C:\Users\OliveryLY\AppData\Roaming\Python\Python314\site-packages\django\core\management\commands\runserver.py", line 134, in inner_run
    self.check(**check_kwargs)
    ~~~~~~~~~~^^^^^^^^^^^^^^^^
  File "C:\Users\OliveryLY\AppData\Roaming\Python\Python314\site-packages\django\core\management\base.py", line 496, in check
    all_issues = checks.run_checks(
        app_configs=app_configs,
    ...<2 lines>...
        databases=databases,
    )
  File "C:\Users\OliveryLY\AppData\Roaming\Python\Python314\site-packages\django\core\checks\registry.py", line 89, in run_checks
    new_errors = check(app_configs=app_configs, databases=databases)
  File "C:\Users\OliveryLY\AppData\Roaming\Python\Python314\site-packages\django\core\checks\urls.py", line 16, in check_url_config
    return check_resolver(resolver)
  File "C:\Users\OliveryLY\AppData\Roaming\Python\Python314\site-packages\django\core\checks\urls.py", line 26, in check_resolver
    return check_method()
  File "C:\Users\OliveryLY\AppData\Roaming\Python\Python314\site-packages\django\urls\resolvers.py", line 541, in check
    for pattern in self.url_patterns:
                   ^^^^^^^^^^^^^^^^^
  File "C:\Users\OliveryLY\AppData\Roaming\Python\Python314\site-packages\django\utils\functional.py", line 47, in __get__
    res = instance.__dict__[self.name] = self.func(instance)
                                         ~~~~~~~~~^^^^^^^^^^
  File "C:\Users\OliveryLY\AppData\Roaming\Python\Python314\site-packages\django\urls\resolvers.py", line 729, in url_patterns
    patterns = getattr(self.urlconf_module, "urlpatterns", self.urlconf_module)
                       ^^^^^^^^^^^^^^^^^^^
  File "C:\Users\OliveryLY\AppData\Roaming\Python\Python314\site-packages\django\utils\functional.py", line 47, in __get__
    res = instance.__dict__[self.name] = self.func(instance)
                                         ~~~~~~~~~^^^^^^^^^^
  File "C:\Users\OliveryLY\AppData\Roaming\Python\Python314\site-packages\django\urls\resolvers.py", line 722, in urlconf_module
    return import_module(self.urlconf_name)
  File "C:\Python314\Lib\importlib\__init__.py", line 88, in import_module
    return _bootstrap._gcd_import(name[level:], package, level)
           ~~~~~~~~~~~~~~~~~~~~~~^^^^^^^^^^^^^^^^^^^^^^^^^^^^^^
  File "<frozen importlib._bootstrap>", line 1398, in _gcd_import
  File "<frozen importlib._bootstrap>", line 1371, in _find_and_load
  File "<frozen importlib._bootstrap>", line 1342, in _find_and_load_unlocked
  File "<frozen importlib._bootstrap>", line 938, in _load_unlocked
  File "<frozen importlib._bootstrap_external>", line 759, in exec_module
  File "<frozen importlib._bootstrap>", line 491, in _call_with_frames_removed
  File "D:\Develop\뒈헷닷췽솰뀁빳燎젬촉\backend\config\urls.py", line 12, in <module>
    path('api/vote/', include('apps.voting.urls')),
                      ~~~~~~~^^^^^^^^^^^^^^^^^^^^
  File "C:\Users\OliveryLY\AppData\Roaming\Python\Python314\site-packages\django\urls\conf.py", line 39, in include
    urlconf_module = import_module(urlconf_module)
  File "C:\Python314\Lib\importlib\__init__.py", line 88, in import_module
    return _bootstrap._gcd_import(name[level:], package, level)
           ~~~~~~~~~~~~~~~~~~~~~~^^^^^^^^^^^^^^^^^^^^^^^^^^^^^^
  File "<frozen importlib._bootstrap>", line 1398, in _gcd_import
  File "<frozen importlib._bootstrap>", line 1371, in _find_and_load
  File "<frozen importlib._bootstrap>", line 1342, in _find_and_load_unlocked
  File "<frozen importlib._bootstrap>", line 938, in _load_unlocked
  File "<frozen importlib._bootstrap_external>", line 759, in exec_module
  File "<frozen importlib._bootstrap>", line 491, in _call_with_frames_removed
  File "D:\Develop\뒈헷닷췽솰뀁빳燎젬촉\backend\apps\voting\urls.py", line 2, in <module>
    from .views import SubmitVoteView, ListRankingView, CompanySearchView, EvidenceUploadView
  File "D:\Develop\뒈헷닷췽솰뀁빳燎젬촉\backend\apps\voting\views.py", line 134, in <module>
    class SubmitVoteView(APIView):
    ...<109 lines>...
                        )
  File "D:\Develop\뒈헷닷췽솰뀁빳燎젬촉\backend\apps\voting\views.py", line 137, in SubmitVoteView
    authentication_classes = [TokenAuthentication]
                              ^^^^^^^^^^^^^^^^^^^
NameError: name 'TokenAuthentication' is not defined
D:\Develop\뒈헷닷췽솰뀁빳燎젬촉\backend\apps\voting\views.py changed, reloading.
Performing system checks...

Watching for file changes with StatReloader
D:\Develop\뒈헷닷췽솰뀁빳燎젬촉\backend\apps\voting\views.py changed, reloading.
Performing system checks...

System check identified no issues (0 silenced).

You have 4 unapplied migration(s). Your project may not work properly until you apply the migrations for app(s): authtoken.
Run 'python manage.py migrate' to apply them.
April 06, 2026 - 20:05:31
Django version 6.0.3, using settings 'config.settings'
Starting development server at http://0.0.0.0:8000/
Quit the server with CTRL-BREAK.

WARNING: This is a development server. Do not use it in a production setting. Use a production WSGI or ASGI server instead.
For more information on production servers see: https://docs.djangoproject.com/en/6.0/howto/deployment/
Watching for file changes with StatReloader
D:\Develop\뒈헷닷췽솰뀁빳燎젬촉\backend\config\settings.py changed, reloading.
Performing system checks...

System check identified no issues (0 silenced).
April 06, 2026 - 20:07:06
Django version 6.0.3, using settings 'config.settings'
Starting development server at http://0.0.0.0:8000/
Quit the server with CTRL-BREAK.

WARNING: This is a development server. Do not use it in a production setting. Use a production WSGI or ASGI server instead.
For more information on production servers see: https://docs.djangoproject.com/en/6.0/howto/deployment/
Watching for file changes with StatReloader
D:\Develop\뒈헷닷췽솰뀁빳燎젬촉\backend\apps\accounts\views.py changed, reloading.
Performing system checks...

System check identified no issues (0 silenced).
April 06, 2026 - 20:10:54
Django version 6.0.3, using settings 'config.settings'
Starting development server at http://0.0.0.0:8000/
Quit the server with CTRL-BREAK.

WARNING: This is a development server. Do not use it in a production setting. Use a production WSGI or ASGI server instead.
For more information on production servers see: https://docs.djangoproject.com/en/6.0/howto/deployment/
Watching for file changes with StatReloader
D:\Develop\뒈헷닷췽솰뀁빳燎젬촉\backend\apps\accounts\views.py changed, reloading.
Performing system checks...

System check identified no issues (0 silenced).
April 06, 2026 - 20:15:33
Django version 6.0.3, using settings 'config.settings'
Starting development server at http://0.0.0.0:8000/
Quit the server with CTRL-BREAK.

WARNING: This is a development server. Do not use it in a production setting. Use a production WSGI or ASGI server instead.
For more information on production servers see: https://docs.djangoproject.com/en/6.0/howto/deployment/
Watching for file changes with StatReloader
D:\Develop\뒈헷닷췽솰뀁빳燎젬촉\backend\apps\voting\views.py changed, reloading.
Performing system checks...

System check identified no issues (0 silenced).
April 06, 2026 - 20:18:09
Django version 6.0.3, using settings 'config.settings'
Starting development server at http://0.0.0.0:8000/
Quit the server with CTRL-BREAK.

WARNING: This is a development server. Do not use it in a production setting. Use a production WSGI or ASGI server instead.
For more information on production servers see: https://docs.djangoproject.com/en/6.0/howto/deployment/
Watching for file changes with StatReloader
D:\Develop\뒈헷닷췽솰뀁빳燎젬촉\backend\apps\voting\views.py changed, reloading.
Performing system checks...

System check identified no issues (0 silenced).
April 06, 2026 - 21:07:09
Django version 6.0.3, using settings 'config.settings'
Starting development server at http://0.0.0.0:8000/
Quit the server with CTRL-BREAK.

WARNING: This is a development server. Do not use it in a production setting. Use a production WSGI or ASGI server instead.
For more information on production servers see: https://docs.djangoproject.com/en/6.0/howto/deployment/
Watching for file changes with StatReloader
D:\Develop\뒈헷닷췽솰뀁빳燎젬촉\backend\apps\accounts\views.py changed, reloading.
Performing system checks...

System check identified no issues (0 silenced).
April 06, 2026 - 21:08:21
Django version 6.0.3, using settings 'config.settings'
Starting development server at http://0.0.0.0:8000/
Quit the server with CTRL-BREAK.

WARNING: This is a development server. Do not use it in a production setting. Use a production WSGI or ASGI server instead.
For more information on production servers see: https://docs.djangoproject.com/en/6.0/howto/deployment/
Watching for file changes with StatReloader
D:\Develop\뒈헷닷췽솰뀁빳燎젬촉\backend\apps\voting\views.py changed, reloading.
Performing system checks...

System check identified no issues (0 silenced).
April 06, 2026 - 21:09:27
Django version 6.0.3, using settings 'config.settings'
Starting development server at http://0.0.0.0:8000/
Quit the server with CTRL-BREAK.

WARNING: This is a development server. Do not use it in a production setting. Use a production WSGI or ASGI server instead.
For more information on production servers see: https://docs.djangoproject.com/en/6.0/howto/deployment/
Watching for file changes with StatReloader
D:\Develop\뒈헷닷췽솰뀁빳燎젬촉\backend\apps\voting\views.py changed, reloading.
Performing system checks...

System check identified no issues (0 silenced).
April 06, 2026 - 21:09:43
Django version 6.0.3, using settings 'config.settings'
Starting development server at http://0.0.0.0:8000/
Quit the server with CTRL-BREAK.

WARNING: This is a development server. Do not use it in a production setting. Use a production WSGI or ASGI server instead.
For more information on production servers see: https://docs.djangoproject.com/en/6.0/howto/deployment/
Watching for file changes with StatReloader
D:\Develop\뒈헷닷췽솰뀁빳燎젬촉\backend\apps\voting\views.py changed, reloading.
Performing system checks...

System check identified no issues (0 silenced).
April 06, 2026 - 21:09:55
Django version 6.0.3, using settings 'config.settings'
Starting development server at http://0.0.0.0:8000/
Quit the server with CTRL-BREAK.

WARNING: This is a development server. Do not use it in a production setting. Use a production WSGI or ASGI server instead.
For more information on production servers see: https://docs.djangoproject.com/en/6.0/howto/deployment/
Watching for file changes with StatReloader
D:\Develop\뒈헷닷췽솰뀁빳燎젬촉\backend\apps\voting\views.py changed, reloading.
Performing system checks...

System check identified no issues (0 silenced).
April 06, 2026 - 21:10:03
Django version 6.0.3, using settings 'config.settings'
Starting development server at http://0.0.0.0:8000/
Quit the server with CTRL-BREAK.

WARNING: This is a development server. Do not use it in a production setting. Use a production WSGI or ASGI server instead.
For more information on production servers see: https://docs.djangoproject.com/en/6.0/howto/deployment/
Watching for file changes with StatReloader
D:\Develop\뒈헷닷췽솰뀁빳燎젬촉\backend\apps\voting\views.py changed, reloading.
Performing system checks...

System check identified no issues (0 silenced).
April 06, 2026 - 21:10:13
Django version 6.0.3, using settings 'config.settings'
Starting development server at http://0.0.0.0:8000/
Quit the server with CTRL-BREAK.

WARNING: This is a development server. Do not use it in a production setting. Use a production WSGI or ASGI server instead.
For more information on production servers see: https://docs.djangoproject.com/en/6.0/howto/deployment/
Watching for file changes with StatReloader
D:\Develop\뒈헷닷췽솰뀁빳燎젬촉\backend\apps\voting\views.py changed, reloading.
Performing system checks...

System check identified no issues (0 silenced).
April 06, 2026 - 21:10:39
Django version 6.0.3, using settings 'config.settings'
Starting development server at http://0.0.0.0:8000/
Quit the server with CTRL-BREAK.

WARNING: This is a development server. Do not use it in a production setting. Use a production WSGI or ASGI server instead.
For more information on production servers see: https://docs.djangoproject.com/en/6.0/howto/deployment/
Watching for file changes with StatReloader
D:\Develop\뒈헷닷췽솰뀁빳燎젬촉\backend\apps\voting\views.py changed, reloading.
Performing system checks...

System check identified no issues (0 silenced).
April 06, 2026 - 21:14:04
Django version 6.0.3, using settings 'config.settings'
Starting development server at http://0.0.0.0:8000/
Quit the server with CTRL-BREAK.

WARNING: This is a development server. Do not use it in a production setting. Use a production WSGI or ASGI server instead.
For more information on production servers see: https://docs.djangoproject.com/en/6.0/howto/deployment/
Watching for file changes with StatReloader
D:\Develop\뒈헷닷췽솰뀁빳燎젬촉\backend\config\urls.py changed, reloading.
Performing system checks...

System check identified no issues (0 silenced).
April 06, 2026 - 21:15:35
Django version 6.0.3, using settings 'config.settings'
Starting development server at http://0.0.0.0:8000/
Quit the server with CTRL-BREAK.

WARNING: This is a development server. Do not use it in a production setting. Use a production WSGI or ASGI server instead.
For more information on production servers see: https://docs.djangoproject.com/en/6.0/howto/deployment/
Watching for file changes with StatReloader
Exception in thread django-main-thread:
Traceback (most recent call last):
  File "C:\Python314\Lib\threading.py", line 1082, in _bootstrap_inner
    self._context.run(self.run)
    ~~~~~~~~~~~~~~~~~^^^^^^^^^^
  File "C:\Python314\Lib\threading.py", line 1024, in run
    self._target(*self._args, **self._kwargs)
    ~~~~~~~~~~~~^^^^^^^^^^^^^^^^^^^^^^^^^^^^^
  File "C:\Users\OliveryLY\AppData\Roaming\Python\Python314\site-packages\django\utils\autoreload.py", line 64, in wrapper
    fn(*args, **kwargs)
    ~~^^^^^^^^^^^^^^^^^
  File "C:\Users\OliveryLY\AppData\Roaming\Python\Python314\site-packages\django\core\management\commands\runserver.py", line 134, in inner_run
    self.check(**check_kwargs)
    ~~~~~~~~~~^^^^^^^^^^^^^^^^
  File "C:\Users\OliveryLY\AppData\Roaming\Python\Python314\site-packages\django\core\management\base.py", line 496, in check
    all_issues = checks.run_checks(
        app_configs=app_configs,
    ...<2 lines>...
        databases=databases,
    )
  File "C:\Users\OliveryLY\AppData\Roaming\Python\Python314\site-packages\django\core\checks\registry.py", line 89, in run_checks
    new_errors = check(app_configs=app_configs, databases=databases)
  File "C:\Users\OliveryLY\AppData\Roaming\Python\Python314\site-packages\django\core\checks\urls.py", line 16, in check_url_config
    return check_resolver(resolver)
  File "C:\Users\OliveryLY\AppData\Roaming\Python\Python314\site-packages\django\core\checks\urls.py", line 26, in check_resolver
    return check_method()
  File "C:\Users\OliveryLY\AppData\Roaming\Python\Python314\site-packages\django\urls\resolvers.py", line 541, in check
    for pattern in self.url_patterns:
                   ^^^^^^^^^^^^^^^^^
  File "C:\Users\OliveryLY\AppData\Roaming\Python\Python314\site-packages\django\utils\functional.py", line 47, in __get__
    res = instance.__dict__[self.name] = self.func(instance)
                                         ~~~~~~~~~^^^^^^^^^^
  File "C:\Users\OliveryLY\AppData\Roaming\Python\Python314\site-packages\django\urls\resolvers.py", line 729, in url_patterns
    patterns = getattr(self.urlconf_module, "urlpatterns", self.urlconf_module)
                       ^^^^^^^^^^^^^^^^^^^
  File "C:\Users\OliveryLY\AppData\Roaming\Python\Python314\site-packages\django\utils\functional.py", line 47, in __get__
    res = instance.__dict__[self.name] = self.func(instance)
                                         ~~~~~~~~~^^^^^^^^^^
  File "C:\Users\OliveryLY\AppData\Roaming\Python\Python314\site-packages\django\urls\resolvers.py", line 722, in urlconf_module
    return import_module(self.urlconf_name)
  File "C:\Python314\Lib\importlib\__init__.py", line 88, in import_module
    return _bootstrap._gcd_import(name[level:], package, level)
           ~~~~~~~~~~~~~~~~~~~~~~^^^^^^^^^^^^^^^^^^^^^^^^^^^^^^
  File "<frozen importlib._bootstrap>", line 1398, in _gcd_import
  File "<frozen importlib._bootstrap>", line 1371, in _find_and_load
  File "<frozen importlib._bootstrap>", line 1342, in _find_and_load_unlocked
  File "<frozen importlib._bootstrap>", line 938, in _load_unlocked
  File "<frozen importlib._bootstrap_external>", line 759, in exec_module
  File "<frozen importlib._bootstrap>", line 491, in _call_with_frames_removed
  File "D:\Develop\뒈헷닷췽솰뀁빳燎젬촉\backend\config\urls.py", line 14, in <module>
    path('api/evidence/', include('apps.evidence.urls')),
                          ~~~~~~~^^^^^^^^^^^^^^^^^^^^^^
  File "C:\Users\OliveryLY\AppData\Roaming\Python\Python314\site-packages\django\urls\conf.py", line 39, in include
    urlconf_module = import_module(urlconf_module)
  File "C:\Python314\Lib\importlib\__init__.py", line 88, in import_module
    return _bootstrap._gcd_import(name[level:], package, level)
           ~~~~~~~~~~~~~~~~~~~~~~^^^^^^^^^^^^^^^^^^^^^^^^^^^^^^
  File "<frozen importlib._bootstrap>", line 1398, in _gcd_import
  File "<frozen importlib._bootstrap>", line 1371, in _find_and_load
  File "<frozen importlib._bootstrap>", line 1314, in _find_and_load_unlocked
  File "<frozen importlib._bootstrap>", line 491, in _call_with_frames_removed
  File "<frozen importlib._bootstrap>", line 1398, in _gcd_import
  File "<frozen importlib._bootstrap>", line 1371, in _find_and_load
  File "<frozen importlib._bootstrap>", line 1335, in _find_and_load_unlocked
ModuleNotFoundError: No module named 'apps.evidence'
D:\Develop\뒈헷닷췽솰뀁빳燎젬촉\backend\apps\voting\urls.py changed, reloading.
Performing system checks...

Watching for file changes with StatReloader
D:\Develop\뒈헷닷췽솰뀁빳燎젬촉\backend\apps\voting\views.py changed, reloading.
Performing system checks...

System check identified no issues (0 silenced).
April 06, 2026 - 21:32:21
Django version 6.0.3, using settings 'config.settings'
Starting development server at http://0.0.0.0:8000/
Quit the server with CTRL-BREAK.

WARNING: This is a development server. Do not use it in a production setting. Use a production WSGI or ASGI server instead.
For more information on production servers see: https://docs.djangoproject.com/en/6.0/howto/deployment/
Watching for file changes with StatReloader
D:\Develop\뒈헷닷췽솰뀁빳燎젬촉\backend\apps\voting\models.py changed, reloading.
Performing system checks...

System check identified no issues (0 silenced).
April 06, 2026 - 21:32:42
Django version 6.0.3, using settings 'config.settings'
Starting development server at http://0.0.0.0:8000/
Quit the server with CTRL-BREAK.

WARNING: This is a development server. Do not use it in a production setting. Use a production WSGI or ASGI server instead.
For more information on production servers see: https://docs.djangoproject.com/en/6.0/howto/deployment/
Watching for file changes with StatReloader
D:\Develop\뒈헷닷췽솰뀁빳燎젬촉\backend\apps\voting\models.py changed, reloading.
Performing system checks...

System check identified no issues (0 silenced).

You have 1 unapplied migration(s). Your project may not work properly until you apply the migrations for app(s): voting.
Run 'python manage.py migrate' to apply them.
April 06, 2026 - 21:35:34
Django version 6.0.3, using settings 'config.settings'
Starting development server at http://0.0.0.0:8000/
Quit the server with CTRL-BREAK.

WARNING: This is a development server. Do not use it in a production setting. Use a production WSGI or ASGI server instead.
For more information on production servers see: https://docs.djangoproject.com/en/6.0/howto/deployment/
Watching for file changes with StatReloader
D:\Develop\뒈헷닷췽솰뀁빳燎젬촉\backend\apps\voting\models.py changed, reloading.
Performing system checks...

System check identified no issues (0 silenced).

You have 1 unapplied migration(s). Your project may not work properly until you apply the migrations for app(s): voting.
Run 'python manage.py migrate' to apply them.
April 06, 2026 - 21:40:18
Django version 6.0.3, using settings 'config.settings'
Starting development server at http://0.0.0.0:8000/
Quit the server with CTRL-BREAK.

WARNING: This is a development server. Do not use it in a production setting. Use a production WSGI or ASGI server instead.
For more information on production servers see: https://docs.djangoproject.com/en/6.0/howto/deployment/
Watching for file changes with StatReloader
 not use it in a production setting. Use a production WSGI or ASGI server instead.
For more information on production servers see: https://docs.djangoproject.com/en/6.0/howto/deployment/
Watching for file changes with StatReloader
D:\Develop\뒈헷닷췽솰뀁빳燎젬촉\backend\apps\voting\views.py changed, reloaD:\Develop\뒈헷닷췽솰뀁빳燎젬촉\backend\apps\voting\views.py changed, reloading.
Performing system checks...

System check identified no issues (0 silenced).
April 06, 2026 - 21:09:55
Django version 6.0.3, using settings 'config.settings'
Starting development server at http://127.0.0.1:8000/
Quit the server with CTRL-BREAK.

WARNING: This is a development server. Do not use it in a production setting. Use a production WSGI or ASGI server instead.
For more information on producWatching for file changes with StatReloader
D:\Develop\뒈헷닷췽솰뀁빳燎젬촉\backend\apps\voting\views.py changed, reloading.
Performing system checks...

System check identified no issues (0 silenced).
April 06, 2026 - 21:10:02
Django version 6.0.3, using settings 'config.settings'
Starting development server at http://127.0.0.1:8000/
Quit the server with CTRL-BREAK.

WARNING: This is a development server. Do not use it in a production setting. Use a production WSGI or ASGI server instead.
For more information on production servers see: https://docs.djangoproject.com/en/6.0/howto/deployment/
Watching for file changes with StatReloader
D:\Develop\뒈헷닷췽솰뀁빳燎젬촉\backend\apps\voting\views.py changed, reloading.
Performing system checks...

System check identified no issues (0 silenced).
April 06, 2026 - 21:10:13
Django version 6.0.3, using settings 'config.settings'
Starting development server at http://127.0.0.1:8000/
Quit the server with CTRL-BREAK.

WARNING: This is a development server. Do not use it in a production setting. Use a production WSGI or ASGI server instead.
For more information on production servers see: https://docs.djangoproject.com/en/6.0/howto/deployment/
Watching for file changes with StatReloader
D:\Develop\뒈헷닷췽솰뀁빳燎젬촉\backend\apps\voting\views.py changed, reloading.
Performing system checks...

System check identified no issues (0 silenced).
April 06, 2026 - 21:10:39
Django version 6.0.3, using settings 'config.settings'
Starting development server at http://127.0.0.1:8000/
Quit the server with CTRL-BREAK.

WARNING: This is a development server. Do not use it in a production setting. Use a production WSGI or ASGI server instead.
For more information on production servers see: https://docs.djangoproject.com/en/6.0/howto/deployment/
Watching for file changes with StatReloader
D:\Develop\뒈헷닷췽솰뀁빳燎젬촉\backend\apps\voting\views.py changed, reloading.
Performing system checks...

System check identified no issues (0 silenced).
April 06, 2026 - 21:14:04
Django version 6.0.3, using settings 'config.setD:\Develop\뒈헷닷췽솰뀁빳燎젬촉\backend\apps\voting\views.py changed, reloading.
Performing system checks...

System check identified no issues (0 silenced).
April 06, 2026 - 21:14:04
Django version 6.0.3, using settings 'config.settings'
Starting development server at http://127.0.0.1:8000/
Quit the server with CTRL-BREWatching for file changes with StatReloader
D:\Develop\뒈헷닷췽솰뀁빳燎젬촉\backend\config\urls.py changed, reloading.
Performing system checks...

System check identified no issues (0 silenced).
April 06, 2026 - 21:15:35
Django version 6.0.3, using settings 'config.settings'
Starting development server at http://127.0.0.1:8000/
Quit the server with CTRL-BREAK.

WARNING: This is a development server. Do not use it in a production setting. Use a production WSGI or ASGI server instead.
For more information on production servers see: https://docs.djangoproject.com/en/6.0/howto/deployment/
Watching for file changes with StatReloader
Exception in thread django-main-thread:
Traceback (most recent call last):
  File "C:\Python314\Lib\threading.py", line 1082, in _bootstrap_inner
    self._context.run(self.run)
    ~~~~~~~~~~~~~~~~~^^^^^^^^^^
  File "C:\Python314\Lib\threading.py", line 1024, in run
    Traceback (most recent call last):
  File "C:\Python314\Lib\threading.py", line 1082, in _bootstrap_inner
    self._context.run(self.run)
    ~~~~~~~~~~~~~~~~~^^^^^^^^^^
  File "C:\Python314\Lib\threading.py", line 1024, in run
    self._target(*self._args, **self._kwargs)
    ~~~~~~~~~~~~^^^^^^^^^^^^^^^^^^^^^^^^^^^^^
  File "C:\Users\OliveryLY\AppData\Roaming\Python\Python314\site-packages\django\utils\autoreload.py", line 64, in wrapper
    fn(*args, **kwargs)
    ~~^^^^^^^^^^^^^^^^^
  File "C:\Users\OliveryLY\AppData\Roaming\Python\Python314\site-packages\django\core\management\commands\runserver.py", line 134, in inner_run
    self.check(**check_kwargs)
    ~~~~~~~~~~^^^^^^^^^^^^^^^^
  File "C:\Users\OliveryLY\AppData\Roaming\Python\Python314\site-packages\django\core\management\base.py", line 496, in check
    all_issues = checks.run_checks(
        app_configs=app_configs,
    ...<2 lines>...
        databases=databases,
    )
  File "C:\Users\OliveryLY\AppData\Roaming\Python\Python314\site-packages\django\core\checks\registry.py", line 89, in run_checks
    new_errors = check(app_configs=app_configs, databases=databases)
  File "C:\Users\OliveryLY\AppData\Roaming\Python\Python314\site-packages\django\core\checks\urls.py", line 16, in check_url_config
    return check_resolver(resolver)
  File "C:\Users\OliveryLY\AppData\Roaming\Python\Python314\site-packages\django\core\checks\urls.py", line 26, in check_resolver
    return check_method()
  File "C:\Users\OliveryLY\AppData\Roaming\Python\Python314\site-packages\django\urls\resolvers.py", line 541, in check
    for pattern in self.url_patterns:
                   ^^^^^^^^^^^^^^^^^
  File "C:\Users\OliveryLY\AppData\Roaming\Python\Python314\site-packages\django\utils\functional.py", line 47, in __get__
    res = instance.__dict__[self.name] = self.func(instance)
                                         ~~~~~~~~~^^^^^^^^^^
  File "C:\Users\OliveryLY\AppData\Roaming\Python\Python314\site-packages\django\urls\resolvers.py", line 729, in url_patterns
    patterns = getattr(self.urlconf_module, "urlpatterns", self.urlconf_module)
                       ^^^^^^^^^^^^^^^^^^^
  File "C:\Users\OliveryLY\AppData\Roaming\Python\Python314\site-packages\django\utils\functional.py", line 47, in __get__
    res = instance.__dict__[self.name] = self.func(instance)
                                         ~~~~~~~~~^^^^^^^^^^
  File "C:\Users\OliveryLY\AppData\Roaming\Python\Python314\site-packages\django\urls\resolvers.py", line 722, in urlconf_module
    return import_module(self.urlconf_name)
  File "C:\Python314\Lib\importlib\__init__.py", line 88, in import_module
    return _bootstrap._gcd_import(name[level:], package, level)
           ~~~~~~~~~~~~~~~~~~~~~~^^^^^^^^^^^^^^^^^^^^^^^^^^^^^^
  File "<frozen importlib._bootstrap>", line 1398, in _gcd_import
  File "<frozen importlib._bootstrap>", line 1371, in _find_and_load
  File "<frozen importlib._bootstrap>", line 1342, in _find_and_load_unlocked
  File "<frozen importlib._bootstrap>", line 938, in _load_unlocked
  File "<frozen importlib._bootstrap_external>", line 759, in exec_module
  File "<frozen importlib._bootstrap>", line 491, in _call_with_frames_removed
  File "D:\Develop\뒈헷닷췽솰뀁빳燎젬촉\backend\config\urls.py", line 14, in <module>
    path('api/evidence/', include('apps.evidence.urls')),
                          ~~~~~~~^^^^^^^^^^^^^^^^^^^^^^
  File "C:\Users\OliveryLY\AppData\Roaming\Python\Python314\site-packages\django\urls\conf.py", line 39, in include
    urlconf_module = import_module(urlconf_module)
  File "C:\Python314\Lib\importlib\__init__.py", line 88, in import_module
    return _bootstrap._gcd_import(name[level:], package, level)
           ~~~~~~~~~~~~~~~~~~~~~~^^^^^^^^^^^^^^^^^^^^^^^^^^^^^^
  File "<frozen importlib._bootstrap>", line 1398, in _gcd_import
  File "<frozen importlib._bootstrap>", line 1371, in _find_and_load
  File "<frozen importlib._bootstrap>", line 1314, in _find_and_load_unlocked
  File "<frozen importlib._bootstrap>", line 491, in _call_with_frames_removed
  File "<frozen importlib._bootstD:\Develop\뒈헷닷췽솰뀁빳燎젬촉\backend\apps\voting\urls.py changed, reloading.
Performing system checks...

Watching for file changes with StatReloader
D:\Develop\뒈헷닷췽솰뀁빳燎젬촉\backend\apps\voting\views.py changed, reloading.
Performing system checks...

System check identified no issues (0 silenced).
April 06, 2026 - 21:32:21
Django version 6.0.3, using settings 'config.setD:\Develop\뒈헷닷췽솰뀁빳燎젬촉\backend\apps\voting\views.py changed, reloading.
Performing system checks...

System check identified no issues (0 silenced).
April 06, 2026 - 21:32:21
Django version 6.0.3, using settings 'config.settings'
Starting development server at http://127.0.0.1:8000/
Quit the server with CTRL-BREWatching for file changes with StatReloader
D:\Develop\뒈헷닷췽솰뀁빳燎젬촉\backend\apps\voting\models.py changed, reloading.
Performing system checks...

System check identified no issues (0 silenced).
April 06, 2026 - 21:32:42
Django version 6.0.3, using settings 'config.settings'
Starting development server at http://127.0.0.1:8000/
Quit the server with CTRL-BREAK.

WARNING: This is a development server. Do not use it in a production setting. Use a production WSGI or ASGI server instead.
For more information on production servers see: https://docs.djangoproject.com/en/6.0/howto/deployment/
Watching for file changes with StatReloader
D:\Develop\뒈헷닷췽솰뀁빳燎젬촉\backend\apps\voting\models.py changed, reloading.
Performing system checks...

System check identified no issues (0 silenced).

You have 1 unapplied migration(s). Your project may not work properly until you apply the migrations for app(s): voting.
Run 'python manage.py migrate' to apply them.
April 06, 2026 - 21:35:34
Django version 6.0.3, using settings 'config.settings'
Starting development server at http://127.0.0.1:8000/
Quit the server with CTRL-BREAK.

WARNING: This is a development server. Do not use it in a production setting. Use a production WSGI or ASGI server instead.
For more information on production servers see: https://docs.djangoproject.com/en/6.0/howto/deployment/
Watching for file changes with StatReloader
D:\Develop\뒈헷닷췽솰뀁빳燎젬촉\backend\apps\voting\models.py changed, reloading.
Performing system checks...

System check identified no issues (0 silenced).

You have 1 unapplied migration(s). Your project may not work properly unD:\Develop\뒈헷닷췽솰뀁빳燎젬촉\backend\apps\voting\models.py changed, reloading.
Performing system checks...

System check identified no issues (0 silenced).

You have 1 unapplied migration(s). Your project may not work properly until you apply the migrations for app(s): voting.
Run 'python manage.py migrate' to apply them.
April 06, 2026 - 21:40:18
Django version 6.0.3, using settings 'config.settings'
Starting development server at http://127.0.0.1:8000/
Quit the server with CTRL-BREWatching for file changes with StatReloader
 Do not use it in a production setting. Use a production WSGI or ASGI server instead.
For more information on production servers see: https://docs.djangoproject.com/en/6.0/howto/deployment/
Watching for file changes with StatReloader
